CRITICAL - 2023-04-16 08:45:31 --> Class "App\Controllers\UserModel" not found
in APPPATH\Controllers\Form.php on line 18.
 1 SYSTEMPATH\CodeIgniter.php(906): App\Controllers\Form->__construct()
 2 SYSTEMPATH\CodeIgniter.php(490): CodeIgniter\CodeIgniter->createController()
 3 SYSTEMPATH\CodeIgniter.php(368): CodeIgniter\CodeIgniter->handleRequest(null, Object(Config\Cache), false)
 4 FCPATH\index.php(67): CodeIgniter\CodeIgniter->run()
CRITICAL - 2023-04-16 10:45:54 --> Class "App\Controllers\DataModel" not found
in APPPATH\Controllers\Form.php on line 12.
 1 SYSTEMPATH\CodeIgniter.php(906): App\Controllers\Form->__construct()
 2 SYSTEMPATH\CodeIgniter.php(490): CodeIgniter\CodeIgniter->createController()
 3 SYSTEMPATH\CodeIgniter.php(368): CodeIgniter\CodeIgniter->handleRequest(null, Object(Config\Cache), false)
 4 FCPATH\index.php(67): CodeIgniter\CodeIgniter->run()
CRITICAL - 2023-04-16 11:27:52 --> Class "App\Controllers\DataModel" not found
in APPPATH\Controllers\Form.php on line 12.
 1 SYSTEMPATH\CodeIgniter.php(906): App\Controllers\Form->__construct()
 2 SYSTEMPATH\CodeIgniter.php(490): CodeIgniter\CodeIgniter->createController()
 3 SYSTEMPATH\CodeIgniter.php(368): CodeIgniter\CodeIgniter->handleRequest(null, Object(Config\Cache), false)
 4 FCPATH\index.php(67): CodeIgniter\CodeIgniter->run()
CRITICAL - 2023-04-16 12:23:06 --> Class "App\Controllers\DataModel" not found
in APPPATH\Controllers\Form.php on line 12.
 1 SYSTEMPATH\CodeIgniter.php(906): App\Controllers\Form->__construct()
 2 SYSTEMPATH\CodeIgniter.php(490): CodeIgniter\CodeIgniter->createController()
 3 SYSTEMPATH\CodeIgniter.php(368): CodeIgniter\CodeIgniter->handleRequest(null, Object(Config\Cache), false)
 4 FCPATH\index.php(67): CodeIgniter\CodeIgniter->run()
CRITICAL - 2023-04-16 16:53:49 --> Undefined property: App\Controllers\Form::$input
in APPPATH\Controllers\Form.php on line 25.
 1 APPPATH\Controllers\Form.php(25): CodeIgniter\Debug\Exceptions->errorHandler(2, 'Undefined property: App\\Controllers\\Form::$input', 'APPPATH\\Controllers\\Form.php', 25)
 2 SYSTEMPATH\CodeIgniter.php(934): App\Controllers\Form->estab()
 3 SYSTEMPATH\CodeIgniter.php(499): CodeIgniter\CodeIgniter->runController(Object(App\Controllers\Form))
 4 SYSTEMPATH\CodeIgniter.php(368): CodeIgniter\CodeIgniter->handleRequest(null, Object(Config\Cache), false)
 5 FCPATH\index.php(67): CodeIgniter\CodeIgniter->run()
CRITICAL - 2023-04-16 17:18:45 --> Undefined property: App\Controllers\Form::$input
in APPPATH\Controllers\Form.php on line 25.
 1 APPPATH\Controllers\Form.php(25): CodeIgniter\Debug\Exceptions->errorHandler(2, 'Undefined property: App\\Controllers\\Form::$input', 'APPPATH\\Controllers\\Form.php', 25)
 2 SYSTEMPATH\CodeIgniter.php(934): App\Controllers\Form->estab()
 3 SYSTEMPATH\CodeIgniter.php(499): CodeIgniter\CodeIgniter->runController(Object(App\Controllers\Form))
 4 SYSTEMPATH\CodeIgniter.php(368): CodeIgniter\CodeIgniter->handleRequest(null, Object(Config\Cache), false)
 5 FCPATH\index.php(67): CodeIgniter\CodeIgniter->run()
CRITICAL - 2023-04-16 17:23:24 --> Undefined property: App\Controllers\Form::$load
in APPPATH\Controllers\Form.php on line 25.
 1 APPPATH\Controllers\Form.php(25): CodeIgniter\Debug\Exceptions->errorHandler(2, 'Undefined property: App\\Controllers\\Form::$load', 'APPPATH\\Controllers\\Form.php', 25)
 2 SYSTEMPATH\CodeIgniter.php(934): App\Controllers\Form->estab()
 3 SYSTEMPATH\CodeIgniter.php(499): CodeIgniter\CodeIgniter->runController(Object(App\Controllers\Form))
 4 SYSTEMPATH\CodeIgniter.php(368): CodeIgniter\CodeIgniter->handleRequest(null, Object(Config\Cache), false)
 5 FCPATH\index.php(67): CodeIgniter\CodeIgniter->run()
CRITICAL - 2023-04-16 17:23:52 --> Undefined property: App\Controllers\Form::$load
in APPPATH\Controllers\Form.php on line 25.
 1 APPPATH\Controllers\Form.php(25): CodeIgniter\Debug\Exceptions->errorHandler(2, 'Undefined property: App\\Controllers\\Form::$load', 'APPPATH\\Controllers\\Form.php', 25)
 2 SYSTEMPATH\CodeIgniter.php(934): App\Controllers\Form->estab()
 3 SYSTEMPATH\CodeIgniter.php(499): CodeIgniter\CodeIgniter->runController(Object(App\Controllers\Form))
 4 SYSTEMPATH\CodeIgniter.php(368): CodeIgniter\CodeIgniter->handleRequest(null, Object(Config\Cache), false)
 5 FCPATH\index.php(67): CodeIgniter\CodeIgniter->run()
CRITICAL - 2023-04-16 17:24:45 --> Cannot call constructor
in APPPATH\Controllers\Form.php on line 15.
 1 SYSTEMPATH\CodeIgniter.php(906): App\Controllers\Form->__construct()
 2 SYSTEMPATH\CodeIgniter.php(490): CodeIgniter\CodeIgniter->createController()
 3 SYSTEMPATH\CodeIgniter.php(368): CodeIgniter\CodeIgniter->handleRequest(null, Object(Config\Cache), false)
 4 FCPATH\index.php(67): CodeIgniter\CodeIgniter->run()
CRITICAL - 2023-04-16 17:24:48 --> Cannot call constructor
in APPPATH\Controllers\Form.php on line 15.
 1 SYSTEMPATH\CodeIgniter.php(906): App\Controllers\Form->__construct()
 2 SYSTEMPATH\CodeIgniter.php(490): CodeIgniter\CodeIgniter->createController()
 3 SYSTEMPATH\CodeIgniter.php(368): CodeIgniter\CodeIgniter->handleRequest(null, Object(Config\Cache), false)
 4 FCPATH\index.php(67): CodeIgniter\CodeIgniter->run()
CRITICAL - 2023-04-16 17:25:00 --> Cannot call constructor
in APPPATH\Controllers\Form.php on line 15.
 1 SYSTEMPATH\CodeIgniter.php(906): App\Controllers\Form->__construct()
 2 SYSTEMPATH\CodeIgniter.php(490): CodeIgniter\CodeIgniter->createController()
 3 SYSTEMPATH\CodeIgniter.php(368): CodeIgniter\CodeIgniter->handleRequest(null, Object(Config\Cache), false)
 4 FCPATH\index.php(67): CodeIgniter\CodeIgniter->run()
CRITICAL - 2023-04-16 17:25:22 --> Undefined property: App\Controllers\Form::$load
in APPPATH\Controllers\Form.php on line 18.
 1 APPPATH\Controllers\Form.php(18): CodeIgniter\Debug\Exceptions->errorHandler(2, 'Undefined property: App\\Controllers\\Form::$load', 'APPPATH\\Controllers\\Form.php', 18)
 2 SYSTEMPATH\CodeIgniter.php(906): App\Controllers\Form->__construct()
 3 SYSTEMPATH\CodeIgniter.php(490): CodeIgniter\CodeIgniter->createController()
 4 SYSTEMPATH\CodeIgniter.php(368): CodeIgniter\CodeIgniter->handleRequest(null, Object(Config\Cache), false)
 5 FCPATH\index.php(67): CodeIgniter\CodeIgniter->run()
CRITICAL - 2023-04-16 17:25:50 --> Undefined property: App\Controllers\Form::$load
in APPPATH\Controllers\Form.php on line 18.
 1 APPPATH\Controllers\Form.php(18): CodeIgniter\Debug\Exceptions->errorHandler(2, 'Undefined property: App\\Controllers\\Form::$load', 'APPPATH\\Controllers\\Form.php', 18)
 2 SYSTEMPATH\CodeIgniter.php(906): App\Controllers\Form->__construct()
 3 SYSTEMPATH\CodeIgniter.php(490): CodeIgniter\CodeIgniter->createController()
 4 SYSTEMPATH\CodeIgniter.php(368): CodeIgniter\CodeIgniter->handleRequest(null, Object(Config\Cache), false)
 5 FCPATH\index.php(67): CodeIgniter\CodeIgniter->run()
CRITICAL - 2023-04-16 17:27:02 --> Undefined property: App\Controllers\Form::$load
in APPPATH\Controllers\Form.php on line 25.
 1 APPPATH\Controllers\Form.php(25): CodeIgniter\Debug\Exceptions->errorHandler(2, 'Undefined property: App\\Controllers\\Form::$load', 'APPPATH\\Controllers\\Form.php', 25)
 2 SYSTEMPATH\CodeIgniter.php(934): App\Controllers\Form->estab()
 3 SYSTEMPATH\CodeIgniter.php(499): CodeIgniter\CodeIgniter->runController(Object(App\Controllers\Form))
 4 SYSTEMPATH\CodeIgniter.php(368): CodeIgniter\CodeIgniter->handleRequest(null, Object(Config\Cache), false)
 5 FCPATH\index.php(67): CodeIgniter\CodeIgniter->run()
CRITICAL - 2023-04-16 17:27:46 --> Call to undefined method CodeIgniter\HTTP\IncomingRequest::post()
in APPPATH\Controllers\Form.php on line 26.
 1 SYSTEMPATH\CodeIgniter.php(934): App\Controllers\Form->estab()
 2 SYSTEMPATH\CodeIgniter.php(499): CodeIgniter\CodeIgniter->runController(Object(App\Controllers\Form))
 3 SYSTEMPATH\CodeIgniter.php(368): CodeIgniter\CodeIgniter->handleRequest(null, Object(Config\Cache), false)
 4 FCPATH\index.php(67): CodeIgniter\CodeIgniter->run()
CRITICAL - 2023-04-16 17:28:14 --> Call to undefined method CodeIgniter\HTTP\IncomingRequest::post()
in APPPATH\Controllers\Form.php on line 26.
 1 SYSTEMPATH\CodeIgniter.php(934): App\Controllers\Form->estab()
 2 SYSTEMPATH\CodeIgniter.php(499): CodeIgniter\CodeIgniter->runController(Object(App\Controllers\Form))
 3 SYSTEMPATH\CodeIgniter.php(368): CodeIgniter\CodeIgniter->handleRequest(null, Object(Config\Cache), false)
 4 FCPATH\index.php(67): CodeIgniter\CodeIgniter->run()
CRITICAL - 2023-04-16 17:30:04 --> Undefined property: App\Controllers\Form::$input
in APPPATH\Controllers\Form.php on line 26.
 1 APPPATH\Controllers\Form.php(26): CodeIgniter\Debug\Exceptions->errorHandler(2, 'Undefined property: App\\Controllers\\Form::$input', 'APPPATH\\Controllers\\Form.php', 26)
 2 SYSTEMPATH\CodeIgniter.php(934): App\Controllers\Form->estab()
 3 SYSTEMPATH\CodeIgniter.php(499): CodeIgniter\CodeIgniter->runController(Object(App\Controllers\Form))
 4 SYSTEMPATH\CodeIgniter.php(368): CodeIgniter\CodeIgniter->handleRequest(null, Object(Config\Cache), false)
 5 FCPATH\index.php(67): CodeIgniter\CodeIgniter->run()
CRITICAL - 2023-04-16 17:31:06 --> Undefined property: App\Controllers\Form::$estab
in APPPATH\Controllers\Form.php on line 26.
 1 APPPATH\Controllers\Form.php(26): CodeIgniter\Debug\Exceptions->errorHandler(2, 'Undefined property: App\\Controllers\\Form::$estab', 'APPPATH\\Controllers\\Form.php', 26)
 2 SYSTEMPATH\CodeIgniter.php(934): App\Controllers\Form->estab()
 3 SYSTEMPATH\CodeIgniter.php(499): CodeIgniter\CodeIgniter->runController(Object(App\Controllers\Form))
 4 SYSTEMPATH\CodeIgniter.php(368): CodeIgniter\CodeIgniter->handleRequest(null, Object(Config\Cache), false)
 5 FCPATH\index.php(67): CodeIgniter\CodeIgniter->run()
