CRITICAL - 2023-04-05 05:38:40 --> Invalid file: "include/css/login/login.css"
in SYSTEMPATH\Exceptions\FrameworkException.php on line 33.
 1 SYSTEMPATH\View\View.php(201): CodeIgniter\Exceptions\FrameworkException::forInvalidFile('include/css/login/login.css')
 2 SYSTEMPATH\Common.php(1184): CodeIgniter\View\View->render('include/css/login/login.css', [], true)
 3 APPPATH\Views\auth\login.php(7): view('include/css/login/login.css')
 4 SYSTEMPATH\View\View.php(213): include('APPPATH\\Views\\auth\\login.php')
 5 SYSTEMPATH\View\View.php(216): CodeIgniter\View\View->CodeIgniter\View\{closure}()
 6 SYSTEMPATH\Common.php(1184): CodeIgniter\View\View->render('auth/login', [], true)
 7 APPPATH\Controllers\Login.php(11): view('auth/login')
 8 SYSTEMPATH\CodeIgniter.php(934): App\Controllers\Login->index()
 9 SYSTEMPATH\CodeIgniter.php(499): CodeIgniter\CodeIgniter->runController(Object(App\Controllers\Login))
10 SYSTEMPATH\CodeIgniter.php(368): CodeIgniter\CodeIgniter->handleRequest(null, Object(Config\Cache), false)
11 FCPATH\index.php(67): CodeIgniter\CodeIgniter->run()
CRITICAL - 2023-04-05 05:39:16 --> Call to undefined function assets()
in APPPATH\Views\auth\login.php on line 7.
 1 SYSTEMPATH\View\View.php(213): include()
 2 SYSTEMPATH\View\View.php(216): CodeIgniter\View\View->CodeIgniter\View\{closure}()
 3 SYSTEMPATH\Common.php(1184): CodeIgniter\View\View->render('auth/login', [], true)
 4 APPPATH\Controllers\Login.php(11): view('auth/login')
 5 SYSTEMPATH\CodeIgniter.php(934): App\Controllers\Login->index()
 6 SYSTEMPATH\CodeIgniter.php(499): CodeIgniter\CodeIgniter->runController(Object(App\Controllers\Login))
 7 SYSTEMPATH\CodeIgniter.php(368): CodeIgniter\CodeIgniter->handleRequest(null, Object(Config\Cache), false)
 8 FCPATH\index.php(67): CodeIgniter\CodeIgniter->run()
CRITICAL - 2023-04-05 05:42:09 --> Call to undefined function assets()
in APPPATH\Views\auth\login.php on line 7.
 1 SYSTEMPATH\View\View.php(213): include()
 2 SYSTEMPATH\View\View.php(216): CodeIgniter\View\View->CodeIgniter\View\{closure}()
 3 SYSTEMPATH\Common.php(1184): CodeIgniter\View\View->render('auth/login', [], true)
 4 APPPATH\Controllers\Login.php(11): view('auth/login')
 5 SYSTEMPATH\CodeIgniter.php(934): App\Controllers\Login->index()
 6 SYSTEMPATH\CodeIgniter.php(499): CodeIgniter\CodeIgniter->runController(Object(App\Controllers\Login))
 7 SYSTEMPATH\CodeIgniter.php(368): CodeIgniter\CodeIgniter->handleRequest(null, Object(Config\Cache), false)
 8 FCPATH\index.php(67): CodeIgniter\CodeIgniter->run()
CRITICAL - 2023-04-05 05:42:21 --> Call to undefined function assets()
in APPPATH\Views\auth\login.php on line 7.
 1 SYSTEMPATH\View\View.php(213): include()
 2 SYSTEMPATH\View\View.php(216): CodeIgniter\View\View->CodeIgniter\View\{closure}()
 3 SYSTEMPATH\Common.php(1184): CodeIgniter\View\View->render('auth/login', [], true)
 4 APPPATH\Controllers\Login.php(11): view('auth/login')
 5 SYSTEMPATH\CodeIgniter.php(934): App\Controllers\Login->index()
 6 SYSTEMPATH\CodeIgniter.php(499): CodeIgniter\CodeIgniter->runController(Object(App\Controllers\Login))
 7 SYSTEMPATH\CodeIgniter.php(368): CodeIgniter\CodeIgniter->handleRequest(null, Object(Config\Cache), false)
 8 FCPATH\index.php(67): CodeIgniter\CodeIgniter->run()
CRITICAL - 2023-04-05 05:42:25 --> Call to undefined function assets()
in APPPATH\Views\auth\login.php on line 7.
 1 SYSTEMPATH\View\View.php(213): include()
 2 SYSTEMPATH\View\View.php(216): CodeIgniter\View\View->CodeIgniter\View\{closure}()
 3 SYSTEMPATH\Common.php(1184): CodeIgniter\View\View->render('auth/login', [], true)
 4 APPPATH\Controllers\Login.php(11): view('auth/login')
 5 SYSTEMPATH\CodeIgniter.php(934): App\Controllers\Login->index()
 6 SYSTEMPATH\CodeIgniter.php(499): CodeIgniter\CodeIgniter->runController(Object(App\Controllers\Login))
 7 SYSTEMPATH\CodeIgniter.php(368): CodeIgniter\CodeIgniter->handleRequest(null, Object(Config\Cache), false)
 8 FCPATH\index.php(67): CodeIgniter\CodeIgniter->run()
